<?xml version="1.0" encoding="UTF-8"?>
<!-- Generated by org.testng.reporters.JUnitXMLReporter -->
<testsuite ignored="0" hostname="Prakash_Muthu" failures="1" tests="4" name="Test" time="17.234" errors="0" timestamp="2024-11-27T11:49:41 IST">
  <testcase classname="Test_Package.homePage_Test" name="verify_homePage" time="0.121"/>
  <testcase classname="Test_Package.calculatorpage_Test" name="slide_downTo_sliderSection" time="0.803">
    <failure type="java.lang.AssertionError" message="expected [820] but found [822]">
      <![CDATA[java.lang.AssertionError: expected [820] but found [822]
at Test_Package.calculatorpage_Test.slide_downTo_sliderSection(calculatorpage_Test.java:92)
at java.base/java.util.concurrent.Executors$RunnableAdapter.call(Executors.java:577)
at java.base/java.util.concurrent.FutureTask.run(FutureTask.java:317)
at java.base/java.util.concurrent.ThreadPoolExecutor.runWorker(ThreadPoolExecutor.java:1144)
at java.base/java.util.concurrent.ThreadPoolExecutor$Worker.run(ThreadPoolExecutor.java:642)
at java.base/java.lang.Thread.run(Thread.java:1589)
... Removed 17 stack frames]]>
    </failure>
  </testcase> <!-- slide_downTo_sliderSection -->
  <testcase classname="Test_Package.calculatorpage_Test" name="enter_values_in_text_field" time="0.508"/>
  <testcase classname="Test_Package.calculatorpage_Test" name="click_CPT_codes" time="1.113"/>
</testsuite> <!-- Test -->
