<?xml version="1.0" encoding="UTF-8"?>
<testng-results ignored="0" total="4" passed="3" failed="1" skipped="0">
  <reporter-output>
  </reporter-output>
  <suite started-at="2024-11-27T11:57:35 IST" name="Suite" finished-at="2024-11-27T11:57:54 IST" duration-ms="18335">
    <groups>
    </groups>
    <test started-at="2024-11-27T11:57:35 IST" name="Test" finished-at="2024-11-27T11:57:54 IST" duration-ms="18335">
      <class name="Test_Package.homePage_Test">
        <test-method is-config="true" signature="before()[pri:0, instance:Test_Package.homePage_Test@6a2b953e]" started-at="2024-11-27T11:57:35 IST" name="before" finished-at="2024-11-27T11:57:35 IST" duration-ms="1" status="PASS">
          <reporter-output>
          </reporter-output>
        </test-method> <!-- before -->
        <test-method is-config="true" signature="before_test()[pri:0, instance:Test_Package.homePage_Test@6a2b953e]" started-at="2024-11-27T11:57:35 IST" name="before_test" finished-at="2024-11-27T11:57:40 IST" duration-ms="4768" status="PASS">
          <reporter-output>
          </reporter-output>
        </test-method> <!-- before_test -->
        <test-method signature="verify_homePage()[pri:0, instance:Test_Package.homePage_Test@6a2b953e]" started-at="2024-11-27T11:57:40 IST" name="verify_homePage" finished-at="2024-11-27T11:57:40 IST" duration-ms="172" status="PASS">
          <reporter-output>
          </reporter-output>
        </test-method> <!-- verify_homePage -->
        <test-method is-config="true" signature="teardown1(org.testng.ITestResult)[pri:0, instance:Test_Package.homePage_Test@6a2b953e]" started-at="2024-11-27T11:57:40 IST" name="teardown1" finished-at="2024-11-27T11:57:41 IST" duration-ms="191" status="PASS">
          <params>
            <param index="0">
              <value>
                <![CDATA[[TestResult name=verify_homePage status=SUCCESS method=homePage_Test.verify_homePage()[pri:0, instance:Test_Package.homePage_Test@6a2b953e] output={null}]]]>
              </value>
            </param>
          </params>
          <reporter-output>
          </reporter-output>
        </test-method> <!-- teardown1 -->
        <test-method is-config="true" signature="after_test()[pri:0, instance:Test_Package.homePage_Test@6a2b953e]" started-at="2024-11-27T11:57:54 IST" name="after_test" finished-at="2024-11-27T11:57:54 IST" duration-ms="35" status="PASS">
          <reporter-output>
          </reporter-output>
        </test-method> <!-- after_test -->
      </class> <!-- Test_Package.homePage_Test -->
      <class name="Test_Package.calculatorpage_Test">
        <test-method is-config="true" signature="before()[pri:0, instance:Test_Package.calculatorpage_Test@175b9425]" started-at="2024-11-27T11:57:35 IST" name="before" finished-at="2024-11-27T11:57:35 IST" duration-ms="197" status="PASS">
          <reporter-output>
          </reporter-output>
        </test-method> <!-- before -->
        <test-method is-config="true" signature="before_test()[pri:0, instance:Test_Package.calculatorpage_Test@175b9425]" started-at="2024-11-27T11:57:35 IST" name="before_test" finished-at="2024-11-27T11:57:41 IST" duration-ms="5523" status="PASS">
          <reporter-output>
          </reporter-output>
        </test-method> <!-- before_test -->
        <test-method signature="slide_downTo_sliderSection()[pri:0, instance:Test_Package.calculatorpage_Test@175b9425]" started-at="2024-11-27T11:57:41 IST" name="slide_downTo_sliderSection" finished-at="2024-11-27T11:57:43 IST" duration-ms="1708" status="FAIL">
          <exception class="java.lang.AssertionError">
            <message>
              <![CDATA[expected [820] but found [822]]]>
            </message>
            <full-stacktrace>
              <![CDATA[java.lang.AssertionError: expected [820] but found [822]
at org.testng.Assert.fail(Assert.java:111)
at org.testng.Assert.failNotEquals(Assert.java:1578)
at org.testng.Assert.assertEqualsImpl(Assert.java:150)
at org.testng.Assert.assertEquals(Assert.java:132)
at org.testng.Assert.assertEquals(Assert.java:656)
at org.testng.Assert.assertEquals(Assert.java:666)
at Test_Package.calculatorpage_Test.slide_downTo_sliderSection(calculatorpage_Test.java:92)
at java.base/jdk.internal.reflect.DirectMethodHandleAccessor.invoke(DirectMethodHandleAccessor.java:104)
at java.base/java.lang.reflect.Method.invoke(Method.java:578)
at org.testng.internal.invokers.MethodInvocationHelper.invokeMethod(MethodInvocationHelper.java:141)
at org.testng.internal.invokers.TestInvoker.invokeMethod(TestInvoker.java:686)
at org.testng.internal.invokers.TestInvoker.invokeTestMethod(TestInvoker.java:230)
at org.testng.internal.invokers.MethodRunner.runInSequence(MethodRunner.java:63)
at org.testng.internal.invokers.TestInvoker$MethodInvocationAgent.invoke(TestInvoker.java:992)
at org.testng.internal.invokers.TestInvoker.invokeTestMethods(TestInvoker.java:203)
at org.testng.internal.invokers.TestMethodWorker.invokeTestMethods(TestMethodWorker.java:154)
at org.testng.internal.invokers.TestMethodWorker.run(TestMethodWorker.java:134)
at java.base/java.util.concurrent.Executors$RunnableAdapter.call(Executors.java:577)
at java.base/java.util.concurrent.FutureTask.run(FutureTask.java:317)
at org.testng.internal.thread.graph.TestNGFutureTask.run(TestNGFutureTask.java:22)
at java.base/java.util.concurrent.ThreadPoolExecutor.runWorker(ThreadPoolExecutor.java:1144)
at java.base/java.util.concurrent.ThreadPoolExecutor$Worker.run(ThreadPoolExecutor.java:642)
at java.base/java.lang.Thread.run(Thread.java:1589)
]]>
            </full-stacktrace>
          </exception> <!-- java.lang.AssertionError -->
          <reporter-output>
          </reporter-output>
        </test-method> <!-- slide_downTo_sliderSection -->
        <test-method is-config="true" signature="teardown1(org.testng.ITestResult)[pri:0, instance:Test_Package.calculatorpage_Test@175b9425]" started-at="2024-11-27T11:57:43 IST" name="teardown1" finished-at="2024-11-27T11:57:43 IST" duration-ms="373" status="PASS">
          <params>
            <param index="0">
              <value>
                <![CDATA[[TestResult name=slide_downTo_sliderSection status=FAILURE method=calculatorpage_Test.slide_downTo_sliderSection()[pri:0, instance:Test_Package.calculatorpage_Test@175b9425] output={null}]]]>
              </value>
            </param>
          </params>
          <reporter-output>
          </reporter-output>
        </test-method> <!-- teardown1 -->
        <test-method is-config="true" signature="before_test()[pri:0, instance:Test_Package.calculatorpage_Test@175b9425]" started-at="2024-11-27T11:57:43 IST" name="before_test" finished-at="2024-11-27T11:57:47 IST" duration-ms="4136" status="PASS">
          <reporter-output>
          </reporter-output>
        </test-method> <!-- before_test -->
        <test-method signature="enter_values_in_text_field()[pri:1, instance:Test_Package.calculatorpage_Test@175b9425]" started-at="2024-11-27T11:57:47 IST" name="enter_values_in_text_field" finished-at="2024-11-27T11:57:48 IST" duration-ms="505" status="PASS">
          <reporter-output>
          </reporter-output>
        </test-method> <!-- enter_values_in_text_field -->
        <test-method is-config="true" signature="teardown1(org.testng.ITestResult)[pri:0, instance:Test_Package.calculatorpage_Test@175b9425]" started-at="2024-11-27T11:57:48 IST" name="teardown1" finished-at="2024-11-27T11:57:48 IST" duration-ms="179" status="PASS">
          <params>
            <param index="0">
              <value>
                <![CDATA[[TestResult name=enter_values_in_text_field status=SUCCESS method=calculatorpage_Test.enter_values_in_text_field()[pri:1, instance:Test_Package.calculatorpage_Test@175b9425] output={null}]]]>
              </value>
            </param>
          </params>
          <reporter-output>
          </reporter-output>
        </test-method> <!-- teardown1 -->
        <test-method is-config="true" signature="before_test()[pri:0, instance:Test_Package.calculatorpage_Test@175b9425]" started-at="2024-11-27T11:57:48 IST" name="before_test" finished-at="2024-11-27T11:57:51 IST" duration-ms="3204" status="PASS">
          <reporter-output>
          </reporter-output>
        </test-method> <!-- before_test -->
        <test-method signature="click_CPT_codes()[pri:2, instance:Test_Package.calculatorpage_Test@175b9425]" started-at="2024-11-27T11:57:51 IST" name="click_CPT_codes" finished-at="2024-11-27T11:57:53 IST" duration-ms="2029" status="PASS">
          <reporter-output>
          </reporter-output>
        </test-method> <!-- click_CPT_codes -->
        <test-method is-config="true" signature="teardown1(org.testng.ITestResult)[pri:0, instance:Test_Package.calculatorpage_Test@175b9425]" started-at="2024-11-27T11:57:53 IST" name="teardown1" finished-at="2024-11-27T11:57:53 IST" duration-ms="183" status="PASS">
          <params>
            <param index="0">
              <value>
                <![CDATA[[TestResult name=click_CPT_codes status=SUCCESS method=calculatorpage_Test.click_CPT_codes()[pri:2, instance:Test_Package.calculatorpage_Test@175b9425] output={null}]]]>
              </value>
            </param>
          </params>
          <reporter-output>
          </reporter-output>
        </test-method> <!-- teardown1 -->
        <test-method is-config="true" signature="after_test()[pri:0, instance:Test_Package.calculatorpage_Test@175b9425]" started-at="2024-11-27T11:57:53 IST" name="after_test" finished-at="2024-11-27T11:57:54 IST" duration-ms="213" status="PASS">
          <reporter-output>
          </reporter-output>
        </test-method> <!-- after_test -->
      </class> <!-- Test_Package.calculatorpage_Test -->
    </test> <!-- Test -->
  </suite> <!-- Suite -->
</testng-results>
